22:48:10.424 [main] INFO  org.testng.internal.Utils - [TestNG] Running:
  C:\Users\HP\Desktop\automation\OpencartV121\grouping.xml

22:48:19.387 [main] INFO  testCases.TC001_AccountRegistrationTest - **** Starting TC001_AccountRegistrationTest *****
22:48:20.499 [main] INFO  testCases.TC001_AccountRegistrationTest - Providing customer details....
22:48:24.476 [main] INFO  testCases.TC001_AccountRegistrationTest - Validating Expected Msg
22:48:24.578 [main] ERROR testCases.TC001_AccountRegistrationTest - Test failed..
22:48:24.578 [main] DEBUG testCases.TC001_AccountRegistrationTest - Debug logs..
22:48:31.465 [main] INFO  testCases.TC002_LoginTest - *** Starting TC_002_LoginTest ***
22:48:34.149 [main] INFO  testCases.TC002_LoginTest - *** Finished TC_002_LoginTest ***
22:54:31.028 [main] DEBUG org.testng.TestNG - suiteXmlPath: "C:\Users\HP\Desktop\automation\OpencartV121\grouping.xml"
22:54:31.674 [main] INFO  org.testng.internal.Utils - [TestNG] Running:
  C:\Users\HP\Desktop\automation\OpencartV121\grouping.xml

22:54:38.967 [main] INFO  testCases.TC001_AccountRegistrationTest - **** Starting TC001_AccountRegistrationTest *****
22:54:39.934 [main] INFO  testCases.TC001_AccountRegistrationTest - Providing customer details....
22:54:43.287 [main] INFO  testCases.TC001_AccountRegistrationTest - Validating Expected Msg
22:54:43.390 [main] ERROR testCases.TC001_AccountRegistrationTest - Test failed..
22:54:43.390 [main] DEBUG testCases.TC001_AccountRegistrationTest - Debug logs..
22:54:49.467 [main] INFO  testCases.TC002_LoginTest - *** Starting TC_002_LoginTest ***
22:54:52.053 [main] INFO  testCases.TC002_LoginTest - *** Finished TC_002_LoginTest ***
23:00:09.377 [main] DEBUG org.testng.TestNG - suiteXmlPath: "C:\Users\HP\Desktop\automation\OpencartV121\grouping.xml"
23:00:09.969 [main] INFO  org.testng.internal.Utils - [TestNG] Running:
  C:\Users\HP\Desktop\automation\OpencartV121\grouping.xml

23:00:17.551 [main] INFO  testCases.TC001_AccountRegistrationTest - **** Starting TC001_AccountRegistrationTest *****
23:00:18.610 [main] INFO  testCases.TC001_AccountRegistrationTest - Providing customer details....
23:00:21.864 [main] INFO  testCases.TC001_AccountRegistrationTest - Validating Expected Msg
23:00:21.951 [main] ERROR testCases.TC001_AccountRegistrationTest - Test failed..
23:00:21.952 [main] DEBUG testCases.TC001_AccountRegistrationTest - Debug logs..
23:00:28.202 [main] INFO  testCases.TC002_LoginTest - *** Starting TC_002_LoginTest ***
23:00:31.116 [main] INFO  testCases.TC002_LoginTest - *** Finished TC_002_LoginTest ***
21:56:13.120 [main] DEBUG org.testng.TestNG - suiteXmlPath: "C:\Users\HP\Desktop\automation\OpencartV121\grouping.xml"
21:56:13.427 [main] INFO  org.testng.internal.Utils - [TestNG] Running:
  C:\Users\HP\Desktop\automation\OpencartV121\grouping.xml

21:56:19.175 [main] INFO  testCases.TC001_AccountRegistrationTest - **** Starting TC001_AccountRegistrationTest *****
21:56:20.005 [main] INFO  testCases.TC001_AccountRegistrationTest - Providing customer details....
21:56:21.522 [main] INFO  testCases.TC001_AccountRegistrationTest - Validating Expected Msg
21:56:21.555 [main] ERROR testCases.TC001_AccountRegistrationTest - Test failed..
21:56:21.555 [main] DEBUG testCases.TC001_AccountRegistrationTest - Debug logs..
21:56:26.142 [main] INFO  testCases.TC002_LoginTest - *** Starting TC_002_LoginTest ***
21:56:27.887 [main] INFO  testCases.TC002_LoginTest - *** Finished TC_002_LoginTest ***
23:10:30.440 [main] DEBUG org.testng.TestNG - suiteXmlPath: "C:\Users\HP\Desktop\automation\OpencartV121\grouping.xml"
23:10:31.312 [main] INFO  org.testng.internal.Utils - [TestNG] Running:
  C:\Users\HP\Desktop\automation\OpencartV121\grouping.xml

23:10:41.988 [main] INFO  testCases.TC001_AccountRegistrationTest - **** Starting TC001_AccountRegistrationTest *****
23:10:43.023 [main] INFO  testCases.TC001_AccountRegistrationTest - Providing customer details....
23:10:46.395 [main] INFO  testCases.TC001_AccountRegistrationTest - Validating Expected Msg
23:10:46.520 [main] ERROR testCases.TC001_AccountRegistrationTest - Test failed..
23:10:46.521 [main] DEBUG testCases.TC001_AccountRegistrationTest - Debug logs..
23:10:53.147 [main] INFO  testCases.TC002_LoginTest - *** Starting TC_002_LoginTest ***
23:10:55.486 [main] INFO  testCases.TC002_LoginTest - *** Finished TC_002_LoginTest ***
23:15:26.311 [main] DEBUG org.testng.TestNG - suiteXmlPath: "C:\Users\HP\Desktop\automation\OpencartV121\test-output\testng-failed.xml"
23:15:26.893 [main] INFO  org.testng.internal.Utils - [TestNG] Running:
  C:\Users\HP\Desktop\automation\OpencartV121\test-output\testng-failed.xml

23:15:33.931 [main] INFO  testCases.TC001_AccountRegistrationTest - **** Starting TC001_AccountRegistrationTest *****
23:15:34.961 [main] INFO  testCases.TC001_AccountRegistrationTest - Providing customer details....
23:15:39.147 [main] INFO  testCases.TC001_AccountRegistrationTest - Validating Expected Msg
