16:40:38.283 [main] DEBUG org.apache.poi.openxml4j.opc.PackageRelationshipCollection - Parsing relationship: /xl/worksheets/_rels/sheet1.xml.rels
16:40:38.299 [main] DEBUG org.apache.poi.openxml4j.opc.PackageRelationshipCollection - Parsing relationship: /_rels/.rels
16:40:38.332 [main] DEBUG org.apache.poi.openxml4j.opc.PackageRelationshipCollection - Parsing relationship: /xl/_rels/workbook.xml.rels
16:40:38.332 [main] DEBUG org.apache.poi.openxml4j.opc.PackageRelationshipCollection - Parsing relationship: /xl/worksheets/_rels/sheet1.xml.rels
16:40:38.332 [main] DEBUG org.apache.poi.openxml4j.opc.PackageRelationshipCollection - Parsing relationship: /_rels/.rels
16:40:38.410 [main] DEBUG org.apache.poi.openxml4j.opc.PackageRelationshipCollection - Parsing relationship: /xl/_rels/workbook.xml.rels
16:40:38.424 [main] DEBUG org.apache.poi.openxml4j.opc.PackageRelationshipCollection - Parsing relationship: /xl/worksheets/_rels/sheet1.xml.rels
16:40:38.424 [main] DEBUG org.apache.poi.openxml4j.opc.PackageRelationshipCollection - Parsing relationship: /_rels/.rels
16:40:38.472 [main] INFO  testCases.TC003_LoginDDT - ** starting TC_003_LoginDDT **
16:40:51.322 [main] INFO  testCases.TC003_LoginDDT - ** starting TC_003_LoginDDT **
16:40:54.144 [main] INFO  testCases.TC003_LoginDDT - ** starting TC_003_LoginDDT **
16:40:56.769 [main] INFO  testCases.TC003_LoginDDT - ** starting TC_003_LoginDDT **
16:41:08.823 [main] INFO  testCases.TC003_LoginDDT - ** Finished TC_003_LoginDDT **
16:41:08.830 [main] INFO  testCases.TC003_LoginDDT - ** starting TC_003_LoginDDT **
16:41:12.301 [main] INFO  testCases.TC003_LoginDDT - ** Finished TC_003_LoginDDT **
17:02:11.747 [main] DEBUG org.testng.TestNG - suiteXmlPath: "C:\Users\HP\Desktop\automation\OpencartV121\grouping.xml"
17:02:12.429 [main] INFO  org.testng.internal.Utils - [TestNG] Running:
  C:\Users\HP\Desktop\automation\OpencartV121\grouping.xml

17:02:19.034 [main] INFO  testCases.TC001_AccountRegistrationTest - **** Starting TC001_AccountRegistrationTest *****
17:02:20.039 [main] INFO  testCases.TC001_AccountRegistrationTest - Providing customer details....
17:02:24.044 [main] INFO  testCases.TC001_AccountRegistrationTest - Validating Expected Msg
17:02:24.190 [main] ERROR testCases.TC001_AccountRegistrationTest - Test failed..
17:02:24.190 [main] DEBUG testCases.TC001_AccountRegistrationTest - Debug logs..
17:02:30.698 [main] INFO  testCases.TC002_LoginTest - *** Starting TC_002_LoginTest ***
17:02:33.119 [main] INFO  testCases.TC002_LoginTest - *** Finished TC_002_LoginTest ***
17:04:42.688 [main] DEBUG org.testng.TestNG - suiteXmlPath: "C:\Users\HP\Desktop\automation\OpencartV121\grouping.xml"
17:04:43.184 [main] INFO  org.testng.internal.Utils - [TestNG] Running:
  C:\Users\HP\Desktop\automation\OpencartV121\grouping.xml

17:04:51.428 [main] INFO  testCases.TC001_AccountRegistrationTest - **** Starting TC001_AccountRegistrationTest *****
17:04:52.694 [main] INFO  testCases.TC001_AccountRegistrationTest - Providing customer details....
17:04:56.416 [main] INFO  testCases.TC001_AccountRegistrationTest - Validating Expected Msg
17:04:56.545 [main] ERROR testCases.TC001_AccountRegistrationTest - Test failed..
17:04:56.545 [main] DEBUG testCases.TC001_AccountRegistrationTest - Debug logs..
17:05:04.543 [main] INFO  testCases.TC002_LoginTest - *** Starting TC_002_LoginTest ***
17:05:09.088 [main] INFO  testCases.TC002_LoginTest - *** Finished TC_002_LoginTest ***
17:05:38.400 [main] DEBUG org.testng.TestNG - suiteXmlPath: "C:\Users\HP\Desktop\automation\OpencartV121\grouping.xml"
17:05:38.899 [main] INFO  org.testng.internal.Utils - [TestNG] Running:
  C:\Users\HP\Desktop\automation\OpencartV121\grouping.xml

17:05:45.003 [main] INFO  testCases.TC001_AccountRegistrationTest - **** Starting TC001_AccountRegistrationTest *****
17:05:55.510 [main] INFO  testCases.TC002_LoginTest - *** Starting TC_002_LoginTest ***
17:05:57.936 [main] INFO  testCases.TC002_LoginTest - *** Finished TC_002_LoginTest ***
17:07:14.007 [main] DEBUG org.testng.TestNG - suiteXmlPath: "C:\Users\HP\Desktop\automation\OpencartV121\grouping.xml"
17:07:14.744 [main] INFO  org.testng.internal.Utils - [TestNG] Running:
  C:\Users\HP\Desktop\automation\OpencartV121\grouping.xml

17:07:21.907 [main] INFO  testCases.TC001_AccountRegistrationTest - **** Starting TC001_AccountRegistrationTest *****
17:07:22.931 [main] INFO  testCases.TC001_AccountRegistrationTest - Providing customer details....
17:07:25.581 [main] INFO  testCases.TC001_AccountRegistrationTest - Validating Expected Msg
17:07:25.746 [main] ERROR testCases.TC001_AccountRegistrationTest - Test failed..
17:07:25.746 [main] DEBUG testCases.TC001_AccountRegistrationTest - Debug logs..
17:07:32.471 [main] INFO  testCases.TC002_LoginTest - *** Starting TC_002_LoginTest ***
17:07:35.043 [main] INFO  testCases.TC002_LoginTest - *** Finished TC_002_LoginTest ***
22:48:09.487 [main] DEBUG org.testng.TestNG - suiteXmlPath: "C:\Users\HP\Desktop\automation\OpencartV121\grouping.xml"
