00:46:06.396 [main] INFO  testCases.TC001_AccountRegistrationTest - Providing customer details....
00:46:09.388 [main] INFO  testCases.TC001_AccountRegistrationTest - Validating Expected Msg
00:46:09.507 [main] ERROR testCases.TC001_AccountRegistrationTest - Test failed..
00:46:09.508 [main] DEBUG testCases.TC001_AccountRegistrationTest - Debug logs..
00:46:14.674 [main] INFO  testCases.TC002_LoginTest - *** Starting TC_002_LoginTest ***
00:46:17.258 [main] INFO  testCases.TC002_LoginTest - *** Finished TC_002_LoginTest ***
15:32:12.729 [main] DEBUG org.testng.TestNG - suiteXmlPath: "C:\Users\HP\Desktop\automation\OpencartV121\master.xml"
15:32:13.538 [main] INFO  org.testng.internal.Utils - [TestNG] Running:
  C:\Users\HP\Desktop\automation\OpencartV121\master.xml

15:32:20.310 [main] INFO  testCases.TC001_AccountRegistrationTest - **** Starting TC001_AccountRegistrationTest *****
15:32:21.399 [main] INFO  testCases.TC001_AccountRegistrationTest - Providing customer details....
15:32:25.839 [main] INFO  testCases.TC001_AccountRegistrationTest - Validating Expected Msg
15:32:25.962 [main] ERROR testCases.TC001_AccountRegistrationTest - Test failed..
15:32:25.962 [main] DEBUG testCases.TC001_AccountRegistrationTest - Debug logs..
15:32:30.767 [main] INFO  testCases.TC002_LoginTest - *** Starting TC_002_LoginTest ***
15:32:33.645 [main] INFO  testCases.TC002_LoginTest - *** Finished TC_002_LoginTest ***
15:39:37.502 [main] DEBUG org.testng.TestNG - suiteXmlPath: "C:\Users\HP\Desktop\automation\OpencartV121\master.xml"
15:39:38.378 [main] INFO  org.testng.internal.Utils - [TestNG] Running:
  C:\Users\HP\Desktop\automation\OpencartV121\master.xml

15:39:45.755 [main] INFO  testCases.TC001_AccountRegistrationTest - **** Starting TC001_AccountRegistrationTest *****
15:39:46.633 [main] INFO  testCases.TC001_AccountRegistrationTest - Providing customer details....
15:39:49.625 [main] INFO  testCases.TC001_AccountRegistrationTest - Validating Expected Msg
15:39:49.724 [main] ERROR testCases.TC001_AccountRegistrationTest - Test failed..
15:39:49.724 [main] DEBUG testCases.TC001_AccountRegistrationTest - Debug logs..
15:39:55.056 [main] INFO  testCases.TC002_LoginTest - *** Starting TC_002_LoginTest ***
15:39:58.314 [main] INFO  testCases.TC002_LoginTest - *** Finished TC_002_LoginTest ***
15:48:14.772 [main] DEBUG org.testng.TestNG - suiteXmlPath: "C:\Users\HP\Desktop\automation\OpencartV121\master.xml"
15:48:15.357 [main] INFO  org.testng.internal.Utils - [TestNG] Running:
  C:\Users\HP\Desktop\automation\OpencartV121\master.xml

15:48:23.085 [main] INFO  testCases.TC001_AccountRegistrationTest - **** Starting TC001_AccountRegistrationTest *****
15:48:23.996 [main] INFO  testCases.TC001_AccountRegistrationTest - Providing customer details....
15:48:28.274 [main] INFO  testCases.TC001_AccountRegistrationTest - Validating Expected Msg
15:48:28.400 [main] ERROR testCases.TC001_AccountRegistrationTest - Test failed..
15:48:28.400 [main] DEBUG testCases.TC001_AccountRegistrationTest - Debug logs..
15:48:34.005 [main] INFO  testCases.TC002_LoginTest - *** Starting TC_002_LoginTest ***
15:48:37.565 [main] INFO  testCases.TC002_LoginTest - *** Finished TC_002_LoginTest ***
15:53:35.202 [main] DEBUG org.testng.TestNG - suiteXmlPath: "C:\Users\HP\Desktop\automation\OpencartV121\master.xml"
15:53:35.817 [main] INFO  org.testng.internal.Utils - [TestNG] Running:
  C:\Users\HP\Desktop\automation\OpencartV121\master.xml

15:53:43.676 [main] INFO  testCases.TC001_AccountRegistrationTest - **** Starting TC001_AccountRegistrationTest *****
15:53:44.609 [main] INFO  testCases.TC001_AccountRegistrationTest - Providing customer details....
15:53:48.771 [main] INFO  testCases.TC001_AccountRegistrationTest - Validating Expected Msg
15:53:48.838 [main] INFO  testCases.TC001_AccountRegistrationTest - ** Finished TC001_AccountRegistrationTest **
15:53:53.579 [main] INFO  testCases.TC002_LoginTest - *** Starting TC_002_LoginTest ***
15:53:56.803 [main] INFO  testCases.TC002_LoginTest - *** Finished TC_002_LoginTest ***
15:54:34.291 [main] DEBUG org.testng.TestNG - suiteXmlPath: "C:\Users\HP\Desktop\automation\OpencartV121\master.xml"
15:54:34.859 [main] INFO  org.testng.internal.Utils - [TestNG] Running:
  C:\Users\HP\Desktop\automation\OpencartV121\master.xml

15:54:41.295 [main] INFO  testCases.TC001_AccountRegistrationTest - **** Starting TC001_AccountRegistrationTest *****
15:54:42.411 [main] INFO  testCases.TC001_AccountRegistrationTest - Providing customer details....
15:54:45.643 [main] INFO  testCases.TC001_AccountRegistrationTest - Validating Expected Msg
15:54:45.757 [main] INFO  testCases.TC001_AccountRegistrationTest - ** Finished TC001_AccountRegistrationTest **
15:54:51.021 [main] INFO  testCases.TC002_LoginTest - *** Starting TC_002_LoginTest ***
15:54:53.473 [main] INFO  testCases.TC002_LoginTest - *** Finished TC_002_LoginTest ***
16:36:55.838 [main] DEBUG org.testng.TestNG - suiteXmlPath: "C:\Users\HP\Desktop\automation\OpencartV121\master.xml"
